<?xml version="1.0" encoding="UTF-8"?>
<testsuite name="ScrabbleScorerTest" tests="4" skipped="0" failures="0" errors="0" timestamp="2016-12-28T16:27:17" hostname="Brents-Air.lan" time="0.004">
  <properties/>
  <testcase name="calculateScore_returnScoreForSingleLetter_1" classname="ScrabbleScorerTest" time="0.002"/>
  <testcase name="calculateScore_returnLookedUpScoreForLetter_2" classname="ScrabbleScorerTest" time="0.0"/>
  <testcase name="calculateScore_returnLookedUpScoreForLetter_3" classname="ScrabbleScorerTest" time="0.0"/>
  <testcase name="calculateScore_returnLookedUpScoreForLetter_4" classname="ScrabbleScorerTest" time="0.0"/>
  <system-out><![CDATA[]]></system-out>
  <system-err><![CDATA[]]></system-err>
</testsuite>
